<?xml version="1.0" encoding="UTF-8"?>
<!-- Generated by org.testng.reporters.JUnitReportReporter -->
<testsuite skipped="0" hostname="jagadish" name="TestScripts.SearchTestScript" tests="1" failures="0" timestamp="13 Feb 2019 17:13:44 GMT" time="83.535" errors="0">
  <testcase name="searchAndVerifyProductDetails" time="83.535" classname="TestScripts.SearchTestScript"/>
</testsuite> <!-- TestScripts.SearchTestScript -->
